[main] DEBUG org.apache.log4j.xml.DOMTestCase - Message 0
[main] DEBUG root - Message 0
[main] INFO org.apache.log4j.xml.DOMTestCase - Message 1
[main] INFO root - Message 1
[main] WARN org.apache.log4j.xml.DOMTestCase - Message 2
[main] WARN root - Message 2
[main] ERROR org.apache.log4j.xml.DOMTestCase - Message 3
[main] ERROR root - Message 3
[main] FATAL org.apache.log4j.xml.DOMTestCase - Message 4
[main] FATAL root - Message 4
[main] DEBUG org.apache.log4j.xml.DOMTestCase - Message 5
java.lang.Exception: Just testing
	at org.apache.log4j.xml.DOMTestCase.common(DOMTestCase.java:XXX)
	at org.apache.log4j.xml.DOMTestCase.test1(DOMTestCase.java:XXX)
	at java.lang.reflect.Method.invoke(Native Method)
	at junit.framework.TestCase.runTest(TestCase.java:XXX)
	at junit.framework.TestCase.runBare(TestCase.java:XXX)
	at junit.framework.TestResult$1.protect(TestResult.java:XXX)
	at junit.framework.TestResult.runProtected(TestResult.java:XXX)
	at junit.framework.TestResult.run(TestResult.java:XXX)
	at junit.framework.TestCase.run(TestCase.java:XXX)
	at junit.framework.TestSuite.run(TestSuite.java:XXX)
	at org.apache.tools.ant.taskdefs.optional.junit.JUnitTestRunner.run(JUnitTestRunner.java:XXX)
	at org.apache.tools.ant.taskdefs.optional.junit.JUnitTestRunner.main(JUnitTestRunner.java:XXX)
[main] DEBUG root - Message 5
java.lang.Exception: Just testing
	at org.apache.log4j.xml.DOMTestCase.common(DOMTestCase.java:XXX)
	at org.apache.log4j.xml.DOMTestCase.test1(DOMTestCase.java:XXX)
	at java.lang.reflect.Method.invoke(Native Method)
	at junit.framework.TestCase.runTest(TestCase.java:XXX)
	at junit.framework.TestCase.runBare(TestCase.java:XXX)
	at junit.framework.TestResult$1.protect(TestResult.java:XXX)
	at junit.framework.TestResult.runProtected(TestResult.java:XXX)
	at junit.framework.TestResult.run(TestResult.java:XXX)
	at junit.framework.TestCase.run(TestCase.java:XXX)
	at junit.framework.TestSuite.run(TestSuite.java:XXX)
	at org.apache.tools.ant.taskdefs.optional.junit.JUnitTestRunner.run(JUnitTestRunner.java:XXX)
	at org.apache.tools.ant.taskdefs.optional.junit.JUnitTestRunner.main(JUnitTestRunner.java:XXX)
[main] ERROR org.apache.log4j.xml.DOMTestCase - Message 6
java.lang.Exception: Just testing
	at org.apache.log4j.xml.DOMTestCase.common(DOMTestCase.java:XXX)
	at org.apache.log4j.xml.DOMTestCase.test1(DOMTestCase.java:XXX)
	at java.lang.reflect.Method.invoke(Native Method)
	at junit.framework.TestCase.runTest(TestCase.java:XXX)
	at junit.framework.TestCase.runBare(TestCase.java:XXX)
	at junit.framework.TestResult$1.protect(TestResult.java:XXX)
	at junit.framework.TestResult.runProtected(TestResult.java:XXX)
	at junit.framework.TestResult.run(TestResult.java:XXX)
	at junit.framework.TestCase.run(TestCase.java:XXX)
	at junit.framework.TestSuite.run(TestSuite.java:XXX)
	at org.apache.tools.ant.taskdefs.optional.junit.JUnitTestRunner.run(JUnitTestRunner.java:XXX)
	at org.apache.tools.ant.taskdefs.optional.junit.JUnitTestRunner.main(JUnitTestRunner.java:XXX)
[main] ERROR root - Message 6
java.lang.Exception: Just testing
	at org.apache.log4j.xml.DOMTestCase.common(DOMTestCase.java:XXX)
	at org.apache.log4j.xml.DOMTestCase.test1(DOMTestCase.java:XXX)
	at java.lang.reflect.Method.invoke(Native Method)
	at junit.framework.TestCase.runTest(TestCase.java:XXX)
	at junit.framework.TestCase.runBare(TestCase.java:XXX)
	at junit.framework.TestResult$1.protect(TestResult.java:XXX)
	at junit.framework.TestResult.runProtected(TestResult.java:XXX)
	at junit.framework.TestResult.run(TestResult.java:XXX)
	at junit.framework.TestCase.run(TestCase.java:XXX)
	at junit.framework.TestSuite.run(TestSuite.java:XXX)
	at org.apache.tools.ant.taskdefs.optional.junit.JUnitTestRunner.run(JUnitTestRunner.java:XXX)
	at org.apache.tools.ant.taskdefs.optional.junit.JUnitTestRunner.main(JUnitTestRunner.java:XXX)
